2017-10-21 22:42:25,707 INFO o.a.j.u.JMeterUtils: Setting Locale to en_US
2017-10-21 22:42:25,809 INFO o.a.j.JMeter: Loading user properties from: user.properties
2017-10-21 22:42:25,816 INFO o.a.j.JMeter: Loading system properties from: system.properties
2017-10-21 22:42:25,841 INFO o.a.j.JMeter: Copyright (c) 1998-2017 The Apache Software Foundation
2017-10-21 22:42:25,841 INFO o.a.j.JMeter: Version 3.3 r1808647
2017-10-21 22:42:25,841 INFO o.a.j.JMeter: java.version=1.8.0_151
2017-10-21 22:42:25,841 INFO o.a.j.JMeter: java.vm.name=Java HotSpot(TM) 64-Bit Server VM
2017-10-21 22:42:25,842 INFO o.a.j.JMeter: os.name=Windows 10
2017-10-21 22:42:25,842 INFO o.a.j.JMeter: os.arch=amd64
2017-10-21 22:42:25,842 INFO o.a.j.JMeter: os.version=10.0
2017-10-21 22:42:25,843 INFO o.a.j.JMeter: file.encoding=Cp1252
2017-10-21 22:42:25,843 INFO o.a.j.JMeter: Max memory     =536870912
2017-10-21 22:42:25,843 INFO o.a.j.JMeter: Available Processors =4
2017-10-21 22:42:25,889 INFO o.a.j.JMeter: Default Locale=English (United States)
2017-10-21 22:42:25,890 INFO o.a.j.JMeter: JMeter  Locale=English (United States)
2017-10-21 22:42:25,890 INFO o.a.j.JMeter: JMeterHome=C:\Users\DUY\Downloads\apache-jmeter-3.3\apache-jmeter-3.3
2017-10-21 22:42:25,890 INFO o.a.j.JMeter: user.dir  =C:\Users\DUY\Downloads\apache-jmeter-3.3\apache-jmeter-3.3\bin
2017-10-21 22:42:25,891 INFO o.a.j.JMeter: PWD       =C:\Users\DUY\Downloads\apache-jmeter-3.3\apache-jmeter-3.3\bin
2017-10-21 22:42:25,905 INFO o.a.j.JMeter: IP: 192.168.1.106 Name: DESKTOP-3SVO94T FullName: DESKTOP-3SVO94T
2017-10-21 22:42:28,418 INFO o.a.j.g.a.LookAndFeelCommand: Using look and feel: javax.swing.plaf.metal.MetalLookAndFeel [Metal, CrossPlatform]
2017-10-21 22:42:28,426 INFO o.a.j.JMeter: Loaded icon properties from org/apache/jmeter/images/icon.properties
2017-10-21 22:42:35,552 INFO o.a.j.e.u.CompoundVariable: Note: Function class names must contain the string: '.functions.'
2017-10-21 22:42:35,553 INFO o.a.j.e.u.CompoundVariable: Note: Function class names must not contain the string: '.gui.'
2017-10-21 22:42:39,221 INFO o.a.j.g.u.MenuFactory: Skipping org.apache.jmeter.assertions.BSFAssertion
2017-10-21 22:42:41,461 INFO o.a.j.g.u.MenuFactory: Skipping org.apache.jmeter.extractor.BSFPostProcessor
2017-10-21 22:42:41,555 INFO o.a.j.g.u.MenuFactory: Skipping org.apache.jmeter.modifiers.BSFPreProcessor
2017-10-21 22:42:41,697 INFO o.a.j.p.h.s.HTTPSamplerBase: Parser for text/html is org.apache.jmeter.protocol.http.parser.LagartoBasedHtmlParser
2017-10-21 22:42:41,697 INFO o.a.j.p.h.s.HTTPSamplerBase: Parser for application/xhtml+xml is org.apache.jmeter.protocol.http.parser.LagartoBasedHtmlParser
2017-10-21 22:42:41,698 INFO o.a.j.p.h.s.HTTPSamplerBase: Parser for application/xml is org.apache.jmeter.protocol.http.parser.LagartoBasedHtmlParser
2017-10-21 22:42:41,698 INFO o.a.j.p.h.s.HTTPSamplerBase: Parser for text/xml is org.apache.jmeter.protocol.http.parser.LagartoBasedHtmlParser
2017-10-21 22:42:41,698 INFO o.a.j.p.h.s.HTTPSamplerBase: Parser for text/vnd.wap.wml is org.apache.jmeter.protocol.http.parser.RegexpHTMLParser
2017-10-21 22:42:41,698 INFO o.a.j.p.h.s.HTTPSamplerBase: Parser for text/css is org.apache.jmeter.protocol.http.parser.CssParser
2017-10-21 22:42:42,397 INFO o.a.j.e.KeyToolUtils: Exception checking for keytool existence, will return false, try another way.
2017-10-21 22:42:43,867 INFO o.a.j.e.KeyToolUtils: keytool found at 'C:\Program Files\Java\jre1.8.0_151\bin\keytool'
2017-10-21 22:42:43,868 INFO o.a.j.p.h.p.ProxyControl: HTTP(S) Test Script Recorder SSL Proxy will use keys that support embedded 3rd party resources in file C:\Users\DUY\Downloads\apache-jmeter-3.3\apache-jmeter-3.3\bin\proxyserver.jks
2017-10-21 22:42:44,320 INFO o.a.j.g.u.MenuFactory: Skipping org.apache.jmeter.protocol.java.sampler.BSFSampler
2017-10-21 22:42:44,469 INFO o.a.j.s.FileServer: Default base='C:\Users\DUY\Downloads\apache-jmeter-3.3\apache-jmeter-3.3\bin'
2017-10-21 22:42:44,752 INFO o.a.j.g.u.MenuFactory: Skipping org.apache.jmeter.protocol.mongodb.config.MongoSourceElement
2017-10-21 22:42:44,752 INFO o.a.j.g.u.MenuFactory: Skipping org.apache.jmeter.protocol.mongodb.sampler.MongoScriptSampler
2017-10-21 22:42:46,206 INFO o.a.j.g.u.MenuFactory: Skipping org.apache.jmeter.timers.BSFTimer
2017-10-21 22:42:46,284 INFO o.a.j.g.u.MenuFactory: Skipping org.apache.jmeter.visualizers.BSFListener
2017-10-21 22:42:46,970 INFO o.a.j.s.SampleResult: Note: Sample TimeStamps are START times
2017-10-21 22:42:46,970 INFO o.a.j.s.SampleResult: sampleresult.default.encoding is set to ISO-8859-1
2017-10-21 22:42:46,970 INFO o.a.j.s.SampleResult: sampleresult.useNanoTime=true
2017-10-21 22:42:46,970 INFO o.a.j.s.SampleResult: sampleresult.nanoThreadSleep=5000
